<?xml version="1.0" encoding="UTF-8"?>
<coverage generated="1692222552671" clover="3.2.0">
  <project timestamp="1692222552672" name="All files">
    <metrics statements="24" coveredstatements="22" conditionals="2" coveredconditionals="2" methods="3" coveredmethods="2" elements="29" coveredelements="26" complexity="0" loc="24" ncloc="24" packages="1" files="2" classes="2"/>
    <file name="diferencia-de-fechas.js" path="C:\Users\uso-diario\Documents\Github\notas-de-programacion\aprender-javascript\testing\aprender-jest\tests\diferencia-de-fechas.js">
      <metrics statements="20" coveredstatements="18" conditionals="1" coveredconditionals="1" methods="2" coveredmethods="1"/>
      <line num="1" count="1" type="stmt"/>
      <line num="2" count="1" type="stmt"/>
      <line num="3" count="1" type="stmt"/>
      <line num="4" count="1" type="stmt"/>
      <line num="5" count="1" type="stmt"/>
      <line num="6" count="1" type="stmt"/>
      <line num="7" count="1" type="stmt"/>
      <line num="8" count="1" type="stmt"/>
      <line num="9" count="0" type="stmt"/>
      <line num="10" count="0" type="stmt"/>
      <line num="11" count="1" type="stmt"/>
      <line num="12" count="1" type="stmt"/>
      <line num="13" count="1" type="cond" truecount="1" falsecount="0"/>
      <line num="14" count="1" type="stmt"/>
      <line num="15" count="1" type="stmt"/>
      <line num="16" count="1" type="stmt"/>
      <line num="17" count="1" type="stmt"/>
      <line num="18" count="1" type="stmt"/>
      <line num="19" count="1" type="stmt"/>
      <line num="20" count="1" type="stmt"/>
    </file>
    <file name="obtener-elemento.js" path="C:\Users\uso-diario\Documents\Github\notas-de-programacion\aprender-javascript\testing\aprender-jest\tests\obtener-elemento.js">
      <metrics statements="4" coveredstatements="4" conditionals="1" coveredconditionals="1" methods="1" coveredmethods="1"/>
      <line num="1" count="1" type="cond" truecount="1" falsecount="0"/>
      <line num="2" count="1" type="stmt"/>
      <line num="3" count="1" type="stmt"/>
      <line num="4" count="1" type="stmt"/>
    </file>
  </project>
</coverage>
