TN:
SF:tests\diferencia-de-fechas.js
FN:8,calculateDaysDifference
FN:13,remainingDaysToDate
FNF:2
FNH:1
FNDA:0,calculateDaysDifference
FNDA:1,remainingDaysToDate
DA:1,1
DA:2,1
DA:3,1
DA:4,1
DA:5,1
DA:6,1
DA:7,1
DA:8,1
DA:9,0
DA:10,0
DA:11,1
DA:12,1
DA:13,1
DA:14,1
DA:15,1
DA:16,1
DA:17,1
DA:18,1
DA:19,1
DA:20,1
LF:20
LH:18
BRDA:13,0,0,1
BRF:1
BRH:1
end_of_record
TN:
SF:tests\obtener-elemento.js
FN:1,sum
FNF:1
FNH:1
FNDA:1,sum
DA:1,1
DA:2,1
DA:3,1
DA:4,1
LF:4
LH:4
BRDA:1,0,0,1
BRF:1
BRH:1
end_of_record
